2026-06-20 01:57:36,085 - INFO - Archivo copiado correctamente
2026-06-20 01:58:10,039 - INFO - P3:Titulos cambiados a snake_case
2026-06-20 01:58:10,040 - INFO - P3.1: Columna customerID eliminada para anonimización
2026-06-20 01:58:26,123 - INFO - P3.4: Mapeo de atributos completado
2026-06-20 01:58:31,899 - INFO - P4:Dataset limpio y anonimizado guardado correctamente
2026-06-20 01:58:46,931 - INFO - P4: Dataset limpio y anonimizado guardado correctamente
2026-06-20 02:13:20,595 - INFO - Archivo copiado correctamente
2026-06-20 02:22:21,091 - INFO - P3:Titulos cambiados a snake_case
2026-06-20 02:22:21,092 - INFO - P3.1: Columna customerID eliminada para anonimización
2026-06-20 02:24:54,602 - INFO - P3.4: Mapeo de atributos completado
2026-06-20 02:25:09,554 - INFO - P4:Dataset limpio y anonimizado guardado correctamente
2026-06-23 13:28:06,090 - INFO - Archivo copiado correctamente
2026-06-23 13:28:37,816 - INFO - P3.1:Titulos cambiados a snake_case
2026-06-23 13:29:11,941 - INFO - P3.1:Titulos cambiados a snake_case
2026-06-23 13:29:40,514 - INFO - P3.1:Titulos cambiados a snake_case
2026-06-23 13:29:40,514 - INFO - P3.1: Columna customerID eliminada para anonimización
2026-06-23 13:30:00,850 - INFO - P3.4: Mapeo de atributos completado
2026-06-23 13:30:51,117 - INFO - P4:Dataset limpio y anonimizado guardado correctamente
2026-06-23 13:33:42,595 - INFO - Archivo copiado correctamente
2026-06-23 13:33:56,993 - INFO - P3.1:Titulos cambiados a snake_case
2026-06-23 13:34:10,219 - INFO - P3.1:Titulos cambiados a snake_case
2026-06-23 13:34:33,631 - INFO - P3.1:Titulos cambiados a snake_case
2026-06-23 13:34:33,634 - INFO - P3.1: Columna customerID eliminada para anonimización
2026-06-23 13:34:51,814 - INFO - P3.4: Mapeo de atributos completado
2026-06-23 13:35:01,931 - INFO - P4:Dataset limpio y anonimizado guardado correctamente
2026-06-23 13:45:48,389 - INFO - Archivo copiado correctamente
2026-06-23 13:46:55,839 - INFO - P3.1:Titulos cambiados a snake_case
2026-06-23 13:46:55,839 - INFO - P3.1: Columna customerID eliminada para anonimización
2026-06-23 13:46:55,858 - INFO - P3.4: Mapeo de atributos completado
2026-06-23 13:47:18,088 - INFO - P4:Dataset limpio y anonimizado guardado correctamente
2026-07-05 02:00:07,844 - INFO - Archivo copiado correctamente
2026-07-05 02:00:07,882 - INFO - Iniciando fase de transformación de datos...
2026-07-05 02:00:08,038 - INFO - Limpieza e imputación cruzada completada
2026-07-05 02:00:08,038 - INFO - 1: Titulos cambiados a snake_case
2026-07-05 02:00:08,041 - INFO - 2: Columna customer_id eliminada para anonimización
2026-07-05 02:00:08,071 - INFO - 3: Escalado numérico (StandardScaler) aplicado a variables continuas
2026-07-05 02:00:08,113 - INFO - 4: Columnas de baja cardinalidad detectadas: ['gender', 'partner', 'dependents', 'phone_service', 'multiple_lines', 'internet_service', 'online_security', 'online_backup', 'device_protection', 'tech_support', 'streaming_tv', 'streaming_movies', 'contract', 'paperless_billing', 'churn']
2026-07-05 02:00:08,127 - INFO - 6: Mapeo y codificación masiva completada
2026-07-05 02:00:08,132 - INFO - Validación exitosa para DF_Logistic_Regression
2026-07-05 02:00:08,139 - INFO - Validación exitosa para DF_Random_Forest
2026-07-05 02:00:08,185 - INFO - 8: Datasets guardados con éxito en la ruta especificada
2026-07-05 02:49:21,554 - INFO - Archivo copiado correctamente
2026-07-05 02:49:21,594 - INFO - Iniciando fase de transformación de datos...
2026-07-05 02:49:21,748 - INFO - Limpieza e imputación cruzada completada
2026-07-05 02:49:21,748 - INFO - 1: Titulos cambiados a snake_case
2026-07-05 02:49:21,750 - INFO - 2: Columna customer_id eliminada para anonimización
2026-07-05 02:49:21,782 - INFO - 3: Escalado numérico (StandardScaler) aplicado a variables continuas
2026-07-05 02:49:21,824 - INFO - 4: Columnas de baja cardinalidad detectadas: ['gender', 'partner', 'dependents', 'phone_service', 'multiple_lines', 'internet_service', 'online_security', 'online_backup', 'device_protection', 'tech_support', 'streaming_tv', 'streaming_movies', 'contract', 'paperless_billing', 'churn']
2026-07-05 02:49:21,837 - INFO - 6: Mapeo y codificación masiva completada
2026-07-05 02:49:21,844 - INFO - Validación exitosa para DF_Logistic_Regression
2026-07-05 02:49:21,851 - INFO - Validación exitosa para DF_Random_Forest
2026-07-05 02:49:21,897 - INFO - 8: Datasets guardados con éxito en la ruta especificada
